#
# There is insufficient memory for the Java Runtime Environment to continue.
# Native memory allocation (malloc) failed to allocate 1048576 bytes for AllocateHeap
# Possible reasons:
#   The system is out of physical RAM or swap space
#   The process is running with CompressedOops enabled, and the Java Heap may be blocking the growth of the native heap
# Possible solutions:
#   Reduce memory load on the system
#   Increase physical memory or swap space
#   Check if swap backing store is full
#   Decrease Java heap size (-Xmx/-Xms)
#   Decrease number of Java threads
#   Decrease Java thread stack sizes (-Xss)
#   Set larger code cache with -XX:ReservedCodeCacheSize=
#   JVM is running with Unscaled Compressed Oops mode in which the Java heap is
#     placed in the first 4GB address space. The Java Heap base address is the
#     maximum limit for the native heap growth. Please use -XX:HeapBaseMinAddress
#     to set the Java Heap base and to place the Java Heap above 4GB virtual address.
# This output file may be truncated or incomplete.
#
#  Out of Memory Error (memory/allocation.inline.hpp:61), pid=13876, tid=0x00000000000032b8
#
# JRE version:  (8.0_221-b11) (build )
# Java VM: Java HotSpot(TM) 64-Bit Server VM (25.221-b11 mixed mode windows-amd64 compressed oops)
# Failed to write core dump. Minidumps are not enabled by default on client versions of Windows
#

---------------  T H R E A D  ---------------

Current thread (0x00000000013b5800):  JavaThread "Unknown thread" [_thread_in_vm, id=12984, stack(0x00000000012b0000,0x00000000013b0000)]

Stack: [0x00000000012b0000,0x00000000013b0000]
[error occurred during error reporting (printing stack bounds), id 0xc0000005]

Native frames: (J=compiled Java code, j=interpreted, Vv=VM code, C=native code)


---------------  P R O C E S S  ---------------

Java Threads: ( => current thread )

Other Threads:

=>0x00000000013b5800 (exited) JavaThread "Unknown thread" [_thread_in_vm, id=12984, stack(0x00000000012b0000,0x00000000013b0000)]

VM state:not at safepoint (normal execution)

VM Mutex/Monitor currently owned by a thread: None

heap address: 0x0000000081800000, size: 2024 MB, Compressed Oops mode: 32-bit
Narrow klass base: 0x0000000000000000, Narrow klass shift: 3
Compressed class space size: 1073741824 Address: 0x0000000100000000

Heap:
 PSYoungGen      total 38400K, used 665K [0x00000000d5d80000, 0x00000000d8800000, 0x0000000100000000)
  eden space 33280K, 2% used [0x00000000d5d80000,0x00000000d5e26670,0x00000000d7e00000)
  from space 5120K, 0% used [0x00000000d8300000,0x00000000d8300000,0x00000000d8800000)
  to   space 5120K, 0% used [0x00000000d7e00000,0x00000000d7e00000,0x00000000d8300000)
 ParOldGen       total 87552K, used 0K [0x0000000081800000, 0x0000000086d80000, 0x00000000d5d80000)
  object space 87552K, 0% used [0x0000000081800000,0x0000000081800000,0x0000000086d80000)
 Metaspace       used 754K, capacity 1092K, committed 1152K, reserved 1060864K
  class space    used 76K, capacity 384K, committed 384K, reserved 1048576K

Card table byte_map: [0x0000000001870000,0x0000000001c70000] byte_map_base: 0x0000000001464000

Marking Bits: (ParMarkBitMap*) 0x00000000645b5ce0
 Begin Bits: [0x0000000012800000, 0x00000000147a0000)
 End Bits:   [0x00000000147a0000, 0x0000000016740000)

Polling page: 0x0000000000d80000

CodeCache: size=245760Kb used=328Kb max_used=328Kb free=245431Kb
 bounds [0x0000000003400000, 0x0000000003670000, 0x0000000012400000]
 total_blobs=58 nmethods=0 adapters=38
 compilation: enabled

Compilation events (0 events):
No events

GC Heap History (0 events):
No events

Deoptimization events (0 events):
No events

Classes redefined (0 events):
No events

Internal exceptions (0 events):
No events

Events (10 events):
Event: 0.043 loading class java/lang/Short
Event: 0.044 loading class java/lang/Short done
Event: 0.044 loading class java/lang/Integer
Event: 0.044 loading class java/lang/Integer done
Event: 0.044 loading class java/lang/Long
Event: 0.044 loading class java/lang/Long done
Event: 0.045 loading class java/lang/NullPointerException
Event: 0.045 loading class java/lang/NullPointerException done
Event: 0.045 loading class java/lang/ArithmeticException
Event: 0.045 loading class java/lang/ArithmeticException done


Dynamic libraries:
0x00007ff6a4600000 - 0x00007ff6a4637000 	C:\Program Files\Java\jre1.8.0_221\bin\javaw.exe
0x00007ff8029f0000 - 0x00007ff802b9d000 	C:\Windows\SYSTEM32\ntdll.dll
0x00007ff802440000 - 0x00007ff80257f000 	C:\Windows\system32\KERNEL32.DLL
0x00007fffffe10000 - 0x00007ffffff25000 	C:\Windows\system32\KERNELBASE.dll
0x00007ffffe640000 - 0x00007ffffe6ce000 	C:\Windows\system32\apphelp.dll
0x00007fffe5d90000 - 0x00007fffe5de5000 	C:\Windows\AppPatch\AppPatch64\AcGenral.DLL
0x00007ff801e50000 - 0x00007ff801efa000 	C:\Windows\system32\msvcrt.dll
0x00007fffffde0000 - 0x00007fffffe0e000 	C:\Windows\system32\SspiCli.dll
0x00007ff801df0000 - 0x00007ff801e44000 	C:\Windows\system32\SHLWAPI.dll
0x00007ff801f60000 - 0x00007ff8020d7000 	C:\Windows\system32\USER32.dll
0x00007ff802580000 - 0x00007ff802715000 	C:\Windows\system32\ole32.dll
0x00007ff800750000 - 0x00007ff801c7e000 	C:\Windows\system32\SHELL32.dll
0x00007ffffeff0000 - 0x00007fffff011000 	C:\Windows\SYSTEM32\USERENV.dll
0x00007ff801d40000 - 0x00007ff801dea000 	C:\Windows\system32\ADVAPI32.dll
0x00007ffff2cd0000 - 0x00007ffff2cee000 	C:\Windows\SYSTEM32\MPR.dll
0x00007ff800600000 - 0x00007ff80073a000 	C:\Windows\system32\RPCRT4.dll
0x00007ff801ca0000 - 0x00007ff801cf8000 	C:\Windows\SYSTEM32\sechost.dll
0x00007ff800140000 - 0x00007ff800352000 	C:\Windows\SYSTEM32\combase.dll
0x00007ff802720000 - 0x00007ff80286e000 	C:\Windows\system32\GDI32.dll
0x00007fffffa70000 - 0x00007fffffa85000 	C:\Windows\SYSTEM32\profapi.dll
0x00007ffffe0a0000 - 0x00007ffffe152000 	C:\Windows\SYSTEM32\SHCORE.dll
0x00007ff801d00000 - 0x00007ff801d36000 	C:\Windows\system32\IMM32.DLL
0x00007ff802870000 - 0x00007ff8029c1000 	C:\Windows\system32\MSCTF.dll
0x00007ffffdbe0000 - 0x00007ffffde5b000 	C:\Windows\WinSxS\amd64_microsoft.windows.common-controls_6595b64144ccf1df_6.0.9600.19394_none_62486577ecb635cf\COMCTL32.dll
0x0000000063b30000 - 0x0000000063c02000 	C:\Program Files\Java\jre1.8.0_221\bin\msvcr100.dll
0x0000000063d90000 - 0x0000000064635000 	C:\Program Files\Java\jre1.8.0_221\bin\server\jvm.dll
0x00007ffff46f0000 - 0x00007ffff46f9000 	C:\Windows\SYSTEM32\WSOCK32.dll
0x00007ffff2ca0000 - 0x00007ffff2cc2000 	C:\Windows\SYSTEM32\WINMM.dll
0x00007ffff8750000 - 0x00007ffff875a000 	C:\Windows\SYSTEM32\VERSION.dll
0x00007ff8029d0000 - 0x00007ff8029d7000 	C:\Windows\system32\PSAPI.DLL
0x00007ff801f00000 - 0x00007ff801f5a000 	C:\Windows\system32\WS2_32.dll
0x00007ffff2c70000 - 0x00007ffff2c9a000 	C:\Windows\SYSTEM32\WINMMBASE.dll
0x00007ff800740000 - 0x00007ff800749000 	C:\Windows\system32\NSI.dll
0x00007ff800020000 - 0x00007ff80006f000 	C:\Windows\SYSTEM32\cfgmgr32.dll
0x00007ffffe890000 - 0x00007ffffe8b8000 	C:\Windows\SYSTEM32\DEVOBJ.dll
0x00007ffff6b70000 - 0x00007ffff6b7f000 	C:\Program Files\Java\jre1.8.0_221\bin\verify.dll
0x00007ffff5c50000 - 0x00007ffff5c79000 	C:\Program Files\Java\jre1.8.0_221\bin\java.dll
0x00007ffff3e10000 - 0x00007ffff3e26000 	C:\Program Files\Java\jre1.8.0_221\bin\zip.dll

VM Arguments:
jvm_args: -Dcom.sun.management.jmxremote -Dcom.sun.management.jmxremote.port=53637 -Dcom.sun.management.jmxremote.authenticate=false -Dcom.sun.management.jmxremote.ssl=false -Djava.rmi.server.hostname=localhost -Dspring.liveBeansView.mbeanDomain -Dspring.application.admin.enabled=true -Xverify:none -XX:TieredStopAtLevel=1 -Dfile.encoding=UTF-8 
java_command: brain.security.SpringSecurityApplication --spring.output.ansi.enabled=always
java_class_path (initial): C:\Program Files\Java\jre1.8.0_221\lib\resources.jar;C:\Program Files\Java\jre1.8.0_221\lib\rt.jar;C:\Program Files\Java\jre1.8.0_221\lib\jsse.jar;C:\Program Files\Java\jre1.8.0_221\lib\jce.jar;C:\Program Files\Java\jre1.8.0_221\lib\charsets.jar;C:\Program Files\Java\jre1.8.0_221\lib\jfr.jar;C:\Program Files\Java\jre1.8.0_221\lib\ext\access-bridge-64.jar;C:\Program Files\Java\jre1.8.0_221\lib\ext\cldrdata.jar;C:\Program Files\Java\jre1.8.0_221\lib\ext\dnsns.jar;C:\Program Files\Java\jre1.8.0_221\lib\ext\jaccess.jar;C:\Program Files\Java\jre1.8.0_221\lib\ext\jfxrt.jar;C:\Program Files\Java\jre1.8.0_221\lib\ext\localedata.jar;C:\Program Files\Java\jre1.8.0_221\lib\ext\nashorn.jar;C:\Program Files\Java\jre1.8.0_221\lib\ext\sunec.jar;C:\Program Files\Java\jre1.8.0_221\lib\ext\sunjce_provider.jar;C:\Program Files\Java\jre1.8.0_221\lib\ext\sunmscapi.jar;C:\Program Files\Java\jre1.8.0_221\lib\ext\sunpkcs11.jar;C:\Program Files\Java\jre1.8.0_221\lib\ext\zipfs.jar;C:\Users\HP NOTEBOOK\Documents\workspace-sts-3.9.4.RELEASE\springSecurity\target\classes;C:\Users\HP NOTEBOOK\.m2\repository\org\springframework\boot\spring-boot-starter-web\2.6.2\spring-boot-starter-web-2.6.2.jar;C:\Users\HP NOTEBOOK\.m2\repository\org\springframework\boot\spring-boot-starter\2.6.2\spring-boot-starter-2.6.2.jar;C:\Users\HP NOTEBOOK\.m2\repository\org\springframework\boot\spring-boot\2.6.2\spring-boot-2.6.2.jar;C:\Users\HP NOTEBOOK\.m2\repository\org\springframework\boot\spring-boot-autoconfigure\2.6.2\spring-boot-autoconfigure-2.6.2.jar;C:\Users\HP NOTEBOOK\.m2\repository\org\springframework\boot\spring-boot-starter-logging\2.6.2\spring-boot-starter-logging-2.6.2.jar;C:\Users\HP NOTEBOOK\.m2\repository\ch\qos\logback\logback-classic\1.2.9\logback-classic-1.2.9.jar;C:\Users\HP NOTEBOOK\.m2\repository\ch\qos\logback\logback-core\1.2.9\logback-core-1.2.9.jar;C:\Users\HP NOTEBOOK\.m2\repository\org\apache\logging\log4j\log4j-to-slf4j\2.17.0\log4j-to-slf4j-2.17.0.jar;C:\Use
Launcher Type: SUN_STANDARD

Environment Variables:
JAVA_HOME=C:\Program Files\Java\jdk-10.0.1
PATH=C:/Program Files/Java/jre1.8.0_221/bin/server;C:/Program Files/Java/jre1.8.0_221/bin;C:/Program Files/Java/jre1.8.0_221/lib/amd64;C:\Program Files\Common Files\Oracle\Java\javapath;C:\Python310\Scripts\;C:\Python310\;C:\Python39\Scripts\;C:\Python39\;C:\Program Files (x86)\Common Files\Oracle\Java\javapath;C:\cygwin64\bin;C:\Program Files\IBM\SPSS\Statistics\25\JRE\bin;C:\Program Files (x86)\Windows Live\Shared;C:\ProgramData\chocolatey\bin;C:\Program Files (x86)\GtkSharp\2.12\bin;C:\Program Files\nodejs;C:\Program Files\nodejs\;C:\Program Files\Git\cmd;C:\Program Files\apache-maven-3.8.4-bin\apache-maven-3.8.4\bin;C:\Windows\System32\$APPDATA\npm;C:\Program Files\nodejs; C:\Users\HP NOTEBOOK\AppData\Local\Programs\Microsoft VS Code\bin;C:\Users\HP NOTEBOOK\AppData\Local\Programs\Microsoft VS Code\bin;C:\Program Files\heroku\bin;C:\ProgramData\HP NOTEBOOK\GitHubDesktop\bin;E:\Downloads\Compressed\spring-tool-suite-3.9.4.RELEASE-e4.7.3a-win32-x86_64_2\sts-bundle\sts-3.9.4.RELEASE;
USERNAME=HP NOTEBOOK
OS=Windows_NT
PROCESSOR_IDENTIFIER=Intel64 Family 6 Model 78 Stepping 3, GenuineIntel



---------------  S Y S T E M  ---------------

OS: Windows 8.1 , 64 bit Build 9600 (6.3.9600.20172)

CPU:total 4 (initial active 4) (2 cores per cpu, 2 threads per core) family 6 model 78 stepping 3, cmov, cx8, fxsr, mmx, sse, sse2, sse3, ssse3, sse4.1, sse4.2, popcnt, avx, avx2, aes, clmul, erms, 3dnowpref, lzcnt, ht, tsc, tscinvbit, bmi1, bmi2, adx

Memory: 4k page, physical 8285184k(1715252k free), swap 8809472k(5544k free)

vm_info: Java HotSpot(TM) 64-Bit Server VM (25.221-b11) for windows-amd64 JRE (1.8.0_221-b11), built on Jul  4 2019 04:39:29 by "java_re" with MS VC++ 10.0 (VS2010)

time: Fri Jan 07 15:40:41 2022
timezone: Paris, Madrid
elapsed time: 0 seconds (0d 0h 0m 0s)

